<?xml version="1.0" encoding="UTF-8"?>
<testsuite name="Login operations" tests="1" skipped="0" failures="0" errors="0" timestamp="2022-05-31T13:00:43" hostname="SWO-24914984" time="10.346">
  <properties/>
  <testcase name="Login to the web" classname="Login operations" time="10.346"/>
  <system-out><![CDATA[08:00:43.465 [Test worker] INFO io.cucumber.core.plugin.SerenityReporter - Running feature from file:///C:/Users/alejandro.bustos/IdeaProjects/EnvironmentVariablesExample/src/test/resources/features/login.feature
08:00:43.549 [Test worker] INFO  - 
  _____   ___   ___   _____     ___   _____     _     ___   _____   ___   ___  
 |_   _| | __| / __| |_   _|   / __| |_   _|   /_\   | _ \ |_   _| | __| |   \ 
   | |   | _|  \__ \   | |     \__ \   | |    / _ \  |   /   | |   | _|  | |) |
   |_|   |___| |___/   |_|     |___/   |_|   /_/ \_\ |_|_\   |_|   |___| |___/ 

Login to the web(login-operations;login-to-the-web)
--------------------------------------------------------------------------------
08:00:43.549 [Test worker] INFO net.thucydides.core.model.TestOutcome - SetUserStory Login operations
08:00:43.556 [Test worker] INFO net.thucydides.core.model.TestOutcome - SetUserStory Login operations
08:00:43.625 [Test worker] DEBUG net.thucydides.core.requirements.model.cucumber.CucumberParser - Added feature Login operations
08:00:43.756 ?[92m|-- Given that "user" has opened the web site?[0m
08:00:44.186 ?[92m|---- User go to?[0m
08:00:44.188 [Test worker] DEBUG net.thucydides.core.steps.StepInterceptor - STARTING STEP: LoginStepDefinitions.thatUserHasOpenedTheWebSite - performAs
08:00:44.205 ?[92m|------ user opens the https://the-internet.herokuapp.com/login?[0m
08:00:44.206 [Test worker] DEBUG net.thucydides.core.steps.StepInterceptor - STARTING STEP: GoTo.performAs - {0} opens the #url
08:00:44.254 [Test worker] INFO net.serenitybdd.core.webdriver.driverproviders.ChromeDriverProvider - Using automatically driver download
08:00:44.537 [Test worker] DEBUG io.github.bonigarcia.wdm.cache.ResolutionCache - Resolution chrome=101 in cache (valid until 08:27:33 31/05/2022 COT)
08:00:44.540 [Test worker] DEBUG io.github.bonigarcia.wdm.cache.ResolutionCache - Resolution chrome101=101.0.4951.41 in cache (valid until 20:10:46 31/05/2022 COT)
08:00:44.541 [Test worker] INFO io.github.bonigarcia.wdm.WebDriverManager - Using chromedriver 101.0.4951.41 (resolved driver for Chrome 101)
08:00:44.553 [Test worker] DEBUG io.github.bonigarcia.wdm.WebDriverManager - Driver chromedriver 101.0.4951.41 found in cache
08:00:44.554 [Test worker] INFO io.github.bonigarcia.wdm.WebDriverManager - Exporting webdriver.chrome.driver as C:\Users\alejandro.bustos\.cache\selenium\chromedriver\win32\101.0.4951.41\chromedriver.exe
08:00:45.110 [Test worker] INFO net.serenitybdd.core.webdriver.driverproviders.ProvideNewDriver - Instantiating driver
08:00:45.110 [Test worker] INFO net.serenitybdd.core.webdriver.driverproviders.ProvideNewDriver - Driver capabilities: Capabilities {acceptInsecureCerts: false, autodownload: true, browserName: chrome, chrome.silentOutput: true, driver: chrome, goog:chromeOptions: {args: [--window-size=1366,728, --ignore-certificate-errors, --disable-popup-blocking, --disable-infobars, --log-level=3], extensions: []}, loggingPrefs: org.openqa.selenium.logging...}
08:00:49.738 [Test worker] DEBUG net.serenitybdd.core.photography.Darkroom - Opening darkroom
08:00:49.740 [Darkroom Processing Line] DEBUG net.serenitybdd.core.photography.DarkroomProcessingLine - Darkroom processing line starting up
08:00:49.960 [Test worker] DEBUG net.serenitybdd.core.photography.Darkroom - Send negative for processing for C:\Users\alejandro.bustos\IdeaProjects\EnvironmentVariablesExample\target\site\serenity\3a19d62382eee20e70d441a1fee686f79a1d7a0cd4d83039889b07e0571222f9.png
08:00:49.963 [Test worker] DEBUG net.thucydides.core.steps.StepInterceptor - STEP DONE: {0} opens the #url
08:00:49.989 [Test worker] DEBUG net.thucydides.core.steps.StepInterceptor - STEP DONE: performAs
08:00:50.006 ?[92m|-- When he fills the login form?[0m
08:00:50.020 ?[92m|---- User fill the form?[0m
08:00:50.021 [Test worker] DEBUG net.thucydides.core.steps.StepInterceptor - STARTING STEP: LoginStepDefinitions.heFillsTheLoginForm - performAs
08:00:50.063 ?[92m|------ user enters 'tomsmith' into Label input username?[0m
08:00:50.065 [Test worker] DEBUG net.thucydides.core.steps.StepInterceptor - STARTING STEP: FillTheForm.performAs - {0} enters #theTextAsAString into #target
08:00:50.120 [Test worker] DEBUG net.serenitybdd.screenplay.targets.IFrameSwitcher - default content already selected for Label input username
08:00:50.740 [Test worker] DEBUG net.serenitybdd.core.photography.Darkroom - Send negative for processing for C:\Users\alejandro.bustos\IdeaProjects\EnvironmentVariablesExample\target\site\serenity\8bb4a302388fb5664f8355479cc24ebfcd3443b81e43efaccbd74ed44d9e76e4.png
08:00:50.741 [Test worker] DEBUG net.thucydides.core.steps.StepInterceptor - STEP DONE: {0} enters #theTextAsAString into #target
08:00:50.744 ?[92m|------ user enters 'SuperSecretPassword!' into Label input PASSWORD?[0m
08:00:50.745 [Darkroom Processing Line] DEBUG net.serenitybdd.core.photography.DarkroomProcessingLine - Processing screenshot image in /var/screenshots/screenshot-885230167663967203
08:00:50.745 [Darkroom Processing Line] DEBUG net.serenitybdd.core.photography.DarkroomProcessingLine - Saving screenshot to C:\Users\alejandro.bustos\IdeaProjects\EnvironmentVariablesExample\target\site\serenity\8bb4a302388fb5664f8355479cc24ebfcd3443b81e43efaccbd74ed44d9e76e4.png
08:00:50.748 [Test worker] DEBUG net.thucydides.core.steps.StepInterceptor - STARTING STEP: FillTheForm.performAs - {0} enters #theTextAsAString into #target
08:00:50.749 [Test worker] DEBUG net.serenitybdd.screenplay.targets.IFrameSwitcher - default content already selected for Label input PASSWORD
08:00:51.292 [Test worker] DEBUG net.serenitybdd.core.photography.Darkroom - Send negative for processing for C:\Users\alejandro.bustos\IdeaProjects\EnvironmentVariablesExample\target\site\serenity\2dba98d3c259f79837d8881aa0f353e7e67102265eeeb21696fbff14c266391f.png
08:00:51.292 [Test worker] DEBUG net.thucydides.core.steps.StepInterceptor - STEP DONE: {0} enters #theTextAsAString into #target
08:00:51.294 ?[92m|------ user clicks on Login button?[0m
08:00:51.296 [Darkroom Processing Line] DEBUG net.serenitybdd.core.photography.DarkroomProcessingLine - Processing screenshot image in /var/screenshots/screenshot-3239756819808389761
08:00:51.296 [Darkroom Processing Line] DEBUG net.serenitybdd.core.photography.DarkroomProcessingLine - Saving screenshot to C:\Users\alejandro.bustos\IdeaProjects\EnvironmentVariablesExample\target\site\serenity\2dba98d3c259f79837d8881aa0f353e7e67102265eeeb21696fbff14c266391f.png
08:00:51.297 [Test worker] DEBUG net.thucydides.core.steps.StepInterceptor - STARTING STEP: FillTheForm.performAs - {0} clicks on #target
08:00:51.298 [Test worker] DEBUG net.serenitybdd.screenplay.targets.IFrameSwitcher - default content already selected for Login button
08:00:51.960 [Test worker] DEBUG net.serenitybdd.core.photography.Darkroom - Send negative for processing for C:\Users\alejandro.bustos\IdeaProjects\EnvironmentVariablesExample\target\site\serenity\74d93d50055f83711310ae835dfd5abf2ffbd5013b488d33558bf5ea70d78459.png
08:00:51.961 [Test worker] DEBUG net.thucydides.core.steps.StepInterceptor - STEP DONE: {0} clicks on #target
08:00:51.981 [Test worker] DEBUG net.thucydides.core.steps.StepInterceptor - STEP DONE: performAs
08:00:51.997 ?[92m|-- Then he should access to his account?[0m
08:00:52.172 ?[92m|---- Then is logged?[0m
08:00:52.235 ?[92m|------ user should see Login message with text value that contains: <[You logged into a secure area!]>?[0m
08:00:52.239 [Test worker] DEBUG net.thucydides.core.steps.StepInterceptor - STARTING STEP: IsLogged.answeredBy - {0} should see #description
08:00:52.240 [Test worker] DEBUG net.serenitybdd.screenplay.targets.IFrameSwitcher - default content already selected for Login message
08:00:52.393 [Test worker] DEBUG net.serenitybdd.core.photography.Darkroom - Send negative for processing for C:\Users\alejandro.bustos\IdeaProjects\EnvironmentVariablesExample\target\site\serenity\74d93d50055f83711310ae835dfd5abf2ffbd5013b488d33558bf5ea70d78459.png
08:00:52.393 [Test worker] DEBUG net.thucydides.core.steps.StepInterceptor - STEP DONE: {0} should see #description
08:00:52.421 [Test worker] INFO  - ?[92m
  _____   ___   ___   _____     ___     _     ___   ___   ___   ___  
 |_   _| | __| / __| |_   _|   | _ \   /_\   / __| / __| | __| |   \ 
   | |   | _|  \__ \   | |     |  _/  / _ \  \__ \ \__ \ | _|  | |) |
   |_|   |___| |___/   |_|     |_|   /_/ \_\ |___/ |___/ |___| |___/ 

Login to the web
----------------------------------------------------------------------?[0m
]]></system-out>
  <system-err><![CDATA[Starting ChromeDriver 101.0.4951.41 (93c720db8323b3ec10d056025ab95c23a31997c9-refs/branch-heads/4951@{#904}) on port 6443
Only local connections are allowed.
Please see https://chromedriver.chromium.org/security-considerations for suggestions on keeping ChromeDriver safe.
ChromeDriver was started successfully.
May 31, 2022 8:00:47 AM org.openqa.selenium.remote.ProtocolHandshake createSession
INFO: Detected dialect: W3C
]]></system-err>
</testsuite>
