<?xml version="1.0" encoding="UTF-8"?>
<testsuite name="runners.LoginRunner" tests="0" skipped="0" failures="0" errors="0" timestamp="1970-01-01T00:00:00" hostname="SWO-24914984" time="0.0">
  <properties/>
  <system-out><![CDATA[08:00:42.767 [Test worker] DEBUG net.thucydides.core.util.PropertiesFileLocalPreferences - environments.prod.username=tomsmith
08:00:42.771 [Test worker] DEBUG net.thucydides.core.util.PropertiesFileLocalPreferences - webdriver.autodownload=true
08:00:42.771 [Test worker] DEBUG net.thucydides.core.util.PropertiesFileLocalPreferences - environments.default.message=Your username is invalid!
08:00:42.772 [Test worker] DEBUG net.thucydides.core.util.PropertiesFileLocalPreferences - serenity.console.timestamp=true
08:00:42.772 [Test worker] DEBUG net.thucydides.core.util.PropertiesFileLocalPreferences - environments.default.url=https://the-internet.herokuapp.com/login
08:00:42.772 [Test worker] DEBUG net.thucydides.core.util.PropertiesFileLocalPreferences - environments.qa.password=AnotherUltraSecretPassword
08:00:42.772 [Test worker] DEBUG net.thucydides.core.util.PropertiesFileLocalPreferences - environments.qa.url=https://the-internet.herokuapp.com/login
08:00:42.772 [Test worker] DEBUG net.thucydides.core.util.PropertiesFileLocalPreferences - environments.prod.message=You logged into a secure area!
08:00:42.772 [Test worker] DEBUG net.thucydides.core.util.PropertiesFileLocalPreferences - environments.prod.url=https://the-internet.herokuapp.com/login
08:00:42.772 [Test worker] DEBUG net.thucydides.core.util.PropertiesFileLocalPreferences - serenity.take.screenshots=AFTER_EACH_STEP
08:00:42.772 [Test worker] DEBUG net.thucydides.core.util.PropertiesFileLocalPreferences - serenity.console.colors=true
08:00:42.772 [Test worker] DEBUG net.thucydides.core.util.PropertiesFileLocalPreferences - environments.qa.username=tomsmitherman
08:00:42.773 [Test worker] DEBUG net.thucydides.core.util.PropertiesFileLocalPreferences - chrome.switches=--window-size=1366,728;--ignore-certificate-errors;--disable-popup-blocking;--disable-infobars;--log-level=3;
08:00:42.773 [Test worker] DEBUG net.thucydides.core.util.PropertiesFileLocalPreferences - environments.default.password=SuperSecretPassword!SuperSecretPassword
08:00:42.773 [Test worker] DEBUG net.thucydides.core.util.PropertiesFileLocalPreferences - environments.qa.message=Your username is invalid!
08:00:42.773 [Test worker] DEBUG net.thucydides.core.util.PropertiesFileLocalPreferences - webdriver.driver=chrome
08:00:42.773 [Test worker] DEBUG net.thucydides.core.util.PropertiesFileLocalPreferences - serenity.logging=VERBOSE
08:00:42.773 [Test worker] DEBUG net.thucydides.core.util.PropertiesFileLocalPreferences - environments.default.username=jackjackjack
08:00:42.773 [Test worker] DEBUG net.thucydides.core.util.PropertiesFileLocalPreferences - webdriver.chrome.silentOutput=true
08:00:42.773 [Test worker] DEBUG net.thucydides.core.util.PropertiesFileLocalPreferences - environments.prod.password=SuperSecretPassword!
08:00:42.773 [Test worker] DEBUG net.thucydides.core.util.PropertiesFileLocalPreferences - headless.mode=false
08:00:43.066 [Test worker] INFO io.cucumber.core.plugin.SerenityReporter - Running feature from file:///C:/Users/alejandro.bustos/IdeaProjects/EnvironmentVariablesExample/src/test/resources/features/login.feature
08:00:43.281 [Test worker] DEBUG net.thucydides.core.util.PropertiesFileLocalPreferences - environments.prod.username=tomsmith
08:00:43.281 [Test worker] DEBUG net.thucydides.core.util.PropertiesFileLocalPreferences - webdriver.autodownload=true
08:00:43.281 [Test worker] DEBUG net.thucydides.core.util.PropertiesFileLocalPreferences - environments.default.message=Your username is invalid!
08:00:43.281 [Test worker] DEBUG net.thucydides.core.util.PropertiesFileLocalPreferences - serenity.console.timestamp=true
08:00:43.281 [Test worker] DEBUG net.thucydides.core.util.PropertiesFileLocalPreferences - environments.default.url=https://the-internet.herokuapp.com/login
08:00:43.281 [Test worker] DEBUG net.thucydides.core.util.PropertiesFileLocalPreferences - environments.qa.password=AnotherUltraSecretPassword
08:00:43.281 [Test worker] DEBUG net.thucydides.core.util.PropertiesFileLocalPreferences - environments.qa.url=https://the-internet.herokuapp.com/login
08:00:43.281 [Test worker] DEBUG net.thucydides.core.util.PropertiesFileLocalPreferences - environments.prod.message=You logged into a secure area!
08:00:43.281 [Test worker] DEBUG net.thucydides.core.util.PropertiesFileLocalPreferences - environments.prod.url=https://the-internet.herokuapp.com/login
08:00:43.281 [Test worker] DEBUG net.thucydides.core.util.PropertiesFileLocalPreferences - serenity.take.screenshots=AFTER_EACH_STEP
08:00:43.281 [Test worker] DEBUG net.thucydides.core.util.PropertiesFileLocalPreferences - serenity.console.colors=true
08:00:43.282 [Test worker] DEBUG net.thucydides.core.util.PropertiesFileLocalPreferences - environments.qa.username=tomsmitherman
08:00:43.282 [Test worker] DEBUG net.thucydides.core.util.PropertiesFileLocalPreferences - chrome.switches=--window-size=1366,728;--ignore-certificate-errors;--disable-popup-blocking;--disable-infobars;--log-level=3;
08:00:43.282 [Test worker] DEBUG net.thucydides.core.util.PropertiesFileLocalPreferences - environments.default.password=SuperSecretPassword!SuperSecretPassword
08:00:43.282 [Test worker] DEBUG net.thucydides.core.util.PropertiesFileLocalPreferences - environments.qa.message=Your username is invalid!
08:00:43.282 [Test worker] DEBUG net.thucydides.core.util.PropertiesFileLocalPreferences - webdriver.driver=chrome
08:00:43.282 [Test worker] DEBUG net.thucydides.core.util.PropertiesFileLocalPreferences - serenity.logging=VERBOSE
08:00:43.282 [Test worker] DEBUG net.thucydides.core.util.PropertiesFileLocalPreferences - environments.default.username=jackjackjack
08:00:43.282 [Test worker] DEBUG net.thucydides.core.util.PropertiesFileLocalPreferences - webdriver.chrome.silentOutput=true
08:00:43.282 [Test worker] DEBUG net.thucydides.core.util.PropertiesFileLocalPreferences - environments.prod.password=SuperSecretPassword!
08:00:43.282 [Test worker] DEBUG net.thucydides.core.util.PropertiesFileLocalPreferences - headless.mode=false
08:00:43.287 [Test worker] INFO  - ?[96m

-------------------------------------------------------------------------------------
     _______. _______ .______       _______ .__   __.  __  .___________.____    ____ 
    /       ||   ____||   _  \     |   ____||  \ |  | |  | |           |\   \  /   / 
   |   (----`|  |__   |  |_)  |    |  |__   |   \|  | |  | `---|  |----` \   \/   /  
    \   \    |   __|  |      /     |   __|  |  . `  | |  |     |  |       \_    _/   
.----)   |   |  |____ |  |\  \----.|  |____ |  |\   | |  |     |  |         |  |     
|_______/    |_______|| _| `._____||_______||__| \__| |__|     |__|         |__|    
                                                                                     
 News and tutorials at http://www.serenity-bdd.info                                  
 Documentation at https://wakaleo.gitbooks.io/the-serenity-book/content/             
 Join the Serenity Community on Gitter: https://gitter.im/serenity-bdd/serenity-core 
 Serenity BDD Support and Training at http://serenity-bdd.info/#/trainingandsupport  
-------------------------------------------------------------------------------------
?[0m
08:00:43.292 [Test worker] DEBUG net.thucydides.core.steps.StepEventBus - Test suite started for story net.thucydides.core.model.Story@b45b52a1
08:00:43.296 [Test worker] INFO  - Test Suite Started: Login operations

1 Scenarios (?[32m1 passed?[0m)
3 Steps (?[32m3 passed?[0m)
0m10.600s


08:00:53.665 [Test worker] DEBUG net.thucydides.core.reports.ReportService - Reporting formats: [JSON, HTML]
08:00:53.735 [Test worker] DEBUG net.thucydides.core.reports.ReportService - Reporting formats: [JSON, HTML]
08:00:53.750 [Test worker] DEBUG net.thucydides.core.reports.ReportService - Generating reports for 1 test outcomes using: net.thucydides.core.reports.json.JSONTestOutcomeReporter@28fc1132
08:00:53.751 [pool-1-thread-1] DEBUG net.thucydides.core.reports.ReportService - Processing test outcome Login operations:Login to the web
08:00:53.751 [pool-1-thread-1] INFO net.thucydides.core.reports.ReportService - net.thucydides.core.reports.json.JSONTestOutcomeReporter@28fc1132: Generating report for test outcome: Login operations:Login to the web
08:00:53.755 [pool-1-thread-1] DEBUG net.thucydides.core.reports.json.JSONTestOutcomeReporter - Generating JSON report for Login to the web to file C:\Users\alejandro.bustos\IdeaProjects\EnvironmentVariablesExample\target\site\serenity\7da55f0f7998384ec833b0a95c091e6283c3e3d14e4d03fffe43bce3c3623fa2.json (using temp file C:\Users\alejandro.bustos\IdeaProjects\EnvironmentVariablesExample\target\site\serenity\7da55f0f7998384ec833b0a95c091e6283c3e3d14e4d03fffe43bce3c3623fa2.jsona4ae47a8-716b-46d3-abe0-9bdda802b624)
08:00:53.794 [pool-1-thread-1] DEBUG net.thucydides.core.reports.ReportService - Processing test outcome Login operations:Login to the web done
08:00:53.794 [Test worker] DEBUG net.thucydides.core.reports.ReportService - Shutting down executor service
08:00:53.794 [Test worker] DEBUG net.thucydides.core.reports.ReportService - Reports generated in: 44 ms
08:00:53.794 [Test worker] DEBUG net.thucydides.core.reports.ReportService - Generating reports for 1 test outcomes using: net.thucydides.core.reports.html.HtmlAcceptanceTestReporter@6314df3c
08:00:53.794 [pool-2-thread-1] DEBUG net.thucydides.core.reports.ReportService - Processing test outcome Login operations:Login to the web
08:00:53.794 [pool-2-thread-1] INFO net.thucydides.core.reports.ReportService - net.thucydides.core.reports.html.HtmlAcceptanceTestReporter@6314df3c: Generating report for test outcome: Login operations:Login to the web
08:00:53.821 [pool-2-thread-1] DEBUG net.thucydides.core.requirements.model.cucumber.CucumberParser - Added feature Login operations
08:00:53.825 [pool-2-thread-1] DEBUG net.thucydides.core.requirements.BaseRequirementsService - Requirement found for test outcome Login to the web-[]: Optional[Requirement{name='Login operations', type='feature' parent = 'null', cardNumber='null'}]
08:00:53.826 [pool-2-thread-1] DEBUG net.thucydides.core.requirements.BaseRequirementsService - Requirement found for test outcome Login to the web-[]: Optional[Requirement{name='Login operations', type='feature' parent = 'null', cardNumber='null'}]
08:00:53.866 [pool-2-thread-1] DEBUG net.thucydides.core.requirements.BaseRequirementsService - Requirement found for test outcome Login to the web-[]: Optional[Requirement{name='Login operations', type='feature' parent = 'null', cardNumber='null'}]
08:00:53.868 [pool-2-thread-1] DEBUG net.thucydides.core.requirements.BaseRequirementsService - Requirement found for test outcome Login to the web-[]: Optional[Requirement{name='Login operations', type='feature' parent = 'null', cardNumber='null'}]
08:00:53.871 [pool-2-thread-1] DEBUG serenity.reporting - Generating report in 7da55f0f7998384ec833b0a95c091e6283c3e3d14e4d03fffe43bce3c3623fa2_screenshots.html
08:00:54.294 [pool-2-thread-1] DEBUG serenity.reporting - Generated report 7da55f0f7998384ec833b0a95c091e6283c3e3d14e4d03fffe43bce3c3623fa2_screenshots.html in 423 ms
08:00:54.296 [pool-2-thread-1] INFO serenity.reporting - 
-------------------------------
| TEST NAME:   ?[1mLogin to the web?[0m
| RESULT:      ?[92mPassing?[0m
| REQUIREMENT: Login operations
| REPORT:      ?[96mfile:///C:/Users/alejandro.bustos/IdeaProjects/EnvironmentVariablesExample/target/site/serenity/7da55f0f7998384ec833b0a95c091e6283c3e3d14e4d03fffe43bce3c3623fa2.html?[0m
-------------------------------
08:00:54.301 [pool-2-thread-1] DEBUG serenity.reporting - Generating report in 7da55f0f7998384ec833b0a95c091e6283c3e3d14e4d03fffe43bce3c3623fa2.html
08:00:54.547 [pool-2-thread-1] DEBUG serenity.reporting - Generated report 7da55f0f7998384ec833b0a95c091e6283c3e3d14e4d03fffe43bce3c3623fa2.html in 246 ms
08:00:54.547 [pool-2-thread-1] DEBUG net.thucydides.core.reports.ReportService - Processing test outcome Login operations:Login to the web done
08:00:54.547 [Test worker] DEBUG net.thucydides.core.reports.ReportService - Shutting down executor service
08:00:54.547 [Test worker] DEBUG net.thucydides.core.reports.ReportService - Reports generated in: 753 ms
08:00:54.736 [Test worker] INFO io.cucumber.core.plugin.SerenityReporter - Cleanup test resources for URI file:///C:/Users/alejandro.bustos/IdeaProjects/EnvironmentVariablesExample/src/test/resources/features/login.feature
08:00:54.737 [Test worker] DEBUG net.serenitybdd.core.photography.Darkroom - Closing darkroom
08:00:54.737 [Darkroom Processing Line] DEBUG net.serenitybdd.core.photography.DarkroomProcessingLine - Darkroom processing line shutting down
08:00:54.741 [Test worker] DEBUG net.serenitybdd.core.photography.Darkroom - Closing darkroom
]]></system-out>
  <system-err><![CDATA[]]></system-err>
</testsuite>
